<?xml version="1.0" encoding="UTF-8"?>
<!-- Generated by org.testng.reporters.JUnitXMLReporter -->
<testsuite hostname="INDDHPFQ12" ignored="0" name="Default test" tests="1" failures="0" timestamp="24 May 2018 06:57:24 GMT" time="0.051" errors="0">
  <testcase name="game on frontEnd.PO_Count[,0,0,0x0,invalid,layout=java.awt.GridBagLayout,alignmentX=0.0,alignmentY=0.0,border=javax.swing.border.TitledBorder@11cc5c9,flags=9,maximumSize=,minimumSize=,preferredSize=]" time="0.004" classname="frontEnd.PO_Count"/>
</testsuite> <!-- Default test -->
