<?xml version="1.0" encoding="UTF-8"?>
<!-- Generated by org.testng.reporters.JUnitXMLReporter -->
<testsuite hostname="INDDHPFQ12" ignored="0" name="Command line test" tests="1" failures="0" timestamp="31 May 2018 10:25:29 GMT" time="0.213" errors="0">
  <testcase name="@BeforeTest Setup" time="0.159" classname="framework.Driver_Script">
    <failure type="java.lang.NullPointerException">
      <![CDATA[java.lang.NullPointerException
at framework.Driver_Script.lambda$0(Driver_Script.java:35)
at java.util.Iterator.forEachRemaining(Unknown Source)
at java.util.Spliterators$IteratorSpliterator.forEachRemaining(Unknown Source)
at java.util.stream.ReferencePipeline$Head.forEach(Unknown Source)
at framework.Driver_Script.Setup(Driver_Script.java:35)
at framework.Main_Action.main(Main_Action.java:14)
... Removed 21 stack frames]]>
    </failure>
  </testcase> <!-- @BeforeTest Setup -->
  <testcase name="InvokeTest" time="0.0" classname="framework.Driver_Script">
    <skipped/>
  </testcase> <!-- InvokeTest -->
</testsuite> <!-- Command line test -->
