<?xml version="1.0" encoding="UTF-8"?>
<testng-results skipped="0" failed="0" ignored="0" total="1" passed="1">
  <reporter-output>
  </reporter-output>
  <suite name="Suite" duration-ms="445301" started-at="2018-06-22T10:11:08Z" finished-at="2018-06-22T10:18:33Z">
    <groups>
    </groups>
    <test name="Test" duration-ms="445301" started-at="2018-06-22T10:11:08Z" finished-at="2018-06-22T10:18:33Z">
      <class name="framework.Driver_Script">
        <test-method status="PASS" signature="Setup()[pri:0, instance:framework.Driver_Script@1fc5af1]" name="Setup" is-config="true" duration-ms="7935" started-at="2018-06-22T10:11:08Z" finished-at="2018-06-22T10:11:16Z">
          <reporter-output>
          </reporter-output>
        </test-method> <!-- Setup -->
        <test-method status="PASS" signature="InvokeTest()[pri:0, instance:framework.Driver_Script@1fc5af1]" name="InvokeTest" duration-ms="437349" started-at="2018-06-22T10:11:16Z" finished-at="2018-06-22T10:18:33Z">
          <reporter-output>
          </reporter-output>
        </test-method> <!-- InvokeTest -->
      </class> <!-- framework.Driver_Script -->
    </test> <!-- Test -->
  </suite> <!-- Suite -->
</testng-results>
